-------------------------------------------------------------------------------
Test set: ru.netology.Test.GameTest
-------------------------------------------------------------------------------
Tests run: 5, Failures: 0, Errors: 3, Skipped: 0, Time elapsed: 0.091 s <<< FAILURE! - in ru.netology.Test.GameTest
FirstPlayerWin  Time elapsed: 0.049 s  <<< ERROR!
ru.netology.Exception.NotRegisteredException: Игрок не зарегистрирован для участия в турнире!
	at ru.netology.Test.GameTest.FirstPlayerWin(GameTest.java:35)

Draw  Time elapsed: 0.001 s  <<< ERROR!
ru.netology.Exception.NotRegisteredException: Игрок не зарегистрирован для участия в турнире!
	at ru.netology.Test.GameTest.Draw(GameTest.java:45)

SecondPlayerWin  Time elapsed: 0.001 s  <<< ERROR!
ru.netology.Exception.NotRegisteredException: Игрок не зарегистрирован для участия в турнире!
	at ru.netology.Test.GameTest.SecondPlayerWin(GameTest.java:40)

