<?xml version="1.0" encoding="UTF-8"?>
<testsuite xmlns:xsi="http://www.w3.org/2001/XMLSchema-instance" xsi:noNamespaceSchemaLocation="https://maven.apache.org/surefire/maven-surefire-plugin/xsd/surefire-test-report.xsd" name="ru.netology.Test.GameTest" time="0.091" tests="5" errors="3" skipped="0" failures="0">
  <properties>
[...]
</properties>
  <testcase name="FirstPlayerWin" classname="ru.netology.Test.GameTest" time="0.049">
    <error message="Игрок не зарегистрирован для участия в турнире!" type="ru.netology.Exception.NotRegisteredException">ru.netology.Exception.NotRegisteredException: Игрок не зарегистрирован для участия в турнире!
	at ru.netology.Test.GameTest.FirstPlayerWin(GameTest.java:35)
</error>
  </testcase>
  <testcase name="NotRegisteredExceptionOne" classname="ru.netology.Test.GameTest" time="0.009"/>
  <testcase name="NotRegisteredExceptionTwo" classname="ru.netology.Test.GameTest" time="0.001"/>
  <testcase name="Draw" classname="ru.netology.Test.GameTest" time="0.001">
    <error message="Игрок не зарегистрирован для участия в турнире!" type="ru.netology.Exception.NotRegisteredException">ru.netology.Exception.NotRegisteredException: Игрок не зарегистрирован для участия в турнире!
	at ru.netology.Test.GameTest.Draw(GameTest.java:45)
</error>
  </testcase>
  <testcase name="SecondPlayerWin" classname="ru.netology.Test.GameTest" time="0.001">
    <error message="Игрок не зарегистрирован для участия в турнире!" type="ru.netology.Exception.NotRegisteredException">ru.netology.Exception.NotRegisteredException: Игрок не зарегистрирован для участия в турнире!
	at ru.netology.Test.GameTest.SecondPlayerWin(GameTest.java:40)
</error>
  </testcase>
</testsuite>